C:\USERS\DOMINIC\GIT\C---STUFF-MASTER\G52CPP CW2013\DEBUG\COURSEWORKBASE.BSC
C:\USERS\DOMINIC\GIT\C---STUFF-MASTER\G52CPP CW2013\DEBUG\BASE.SBR
C:\USERS\DOMINIC\GIT\C---STUFF-MASTER\G52CPP CW2013\DEBUG\DEMOAMAIN.SBR
C:\USERS\DOMINIC\GIT\C---STUFF-MASTER\G52CPP CW2013\DEBUG\FIIRINGMISSILE.SBR
C:\USERS\DOMINIC\GIT\C---STUFF-MASTER\G52CPP CW2013\DEBUG\MAINFUNCTION.SBR
C:\USERS\DOMINIC\GIT\C---STUFF-MASTER\G52CPP CW2013\DEBUG\BASEENGINE.SBR
C:\USERS\DOMINIC\GIT\C---STUFF-MASTER\G52CPP CW2013\DEBUG\DISPLAYABLEOBJECT.SBR
C:\USERS\DOMINIC\GIT\C---STUFF-MASTER\G52CPP CW2013\DEBUG\FONTMANAGER.SBR
C:\USERS\DOMINIC\GIT\C---STUFF-MASTER\G52CPP CW2013\DEBUG\JPGIMAGE.SBR
C:\USERS\DOMINIC\GIT\C---STUFF-MASTER\G52CPP CW2013\DEBUG\MISSILE.SBR
C:\USERS\DOMINIC\GIT\C---STUFF-MASTER\G52CPP CW2013\DEBUG\MYPROJECTMAIN.SBR
C:\USERS\DOMINIC\GIT\C---STUFF-MASTER\G52CPP CW2013\DEBUG\TILEMANAGER.SBR
C:\USERS\DOMINIC\GIT\C---STUFF-MASTER\G52CPP CW2013\DEBUG\BOUNCINGBALL.SBR
C:\USERS\DOMINIC\GIT\C---STUFF-MASTER\G52CPP CW2013\DEBUG\BOUNCINGBALLMAIN.SBR
C:\USERS\DOMINIC\GIT\C---STUFF-MASTER\G52CPP CW2013\DEBUG\DEMO2AMAIN.SBR
C:\USERS\DOMINIC\GIT\C---STUFF-MASTER\G52CPP CW2013\DEBUG\DEMO2MAIN.SBR
C:\USERS\DOMINIC\GIT\C---STUFF-MASTER\G52CPP CW2013\DEBUG\DEMO2OBJECT.SBR
C:\USERS\DOMINIC\GIT\C---STUFF-MASTER\G52CPP CW2013\DEBUG\DEMO2TILEMANAGER.SBR
C:\USERS\DOMINIC\GIT\C---STUFF-MASTER\G52CPP CW2013\DEBUG\DEMO3MAIN.SBR
C:\USERS\DOMINIC\GIT\C---STUFF-MASTER\G52CPP CW2013\DEBUG\DEMO3OBJECT.SBR
C:\USERS\DOMINIC\GIT\C---STUFF-MASTER\G52CPP CW2013\DEBUG\DEMO3OBJECTFINISHED.SBR
C:\USERS\DOMINIC\GIT\C---STUFF-MASTER\G52CPP CW2013\DEBUG\DEMO3OBJECTFINISHED.OBJ
C:\USERS\DOMINIC\GIT\C---STUFF-MASTER\G52CPP CW2013\DEBUG\DEMO3OBJECT.OBJ
C:\USERS\DOMINIC\GIT\C---STUFF-MASTER\G52CPP CW2013\DEBUG\DEMO3MAIN.OBJ
C:\USERS\DOMINIC\GIT\C---STUFF-MASTER\G52CPP CW2013\DEBUG\DEMO2TILEMANAGER.OBJ
C:\USERS\DOMINIC\GIT\C---STUFF-MASTER\G52CPP CW2013\DEBUG\DEMO2OBJECT.OBJ
C:\USERS\DOMINIC\GIT\C---STUFF-MASTER\G52CPP CW2013\DEBUG\DEMO2MAIN.OBJ
C:\USERS\DOMINIC\GIT\C---STUFF-MASTER\G52CPP CW2013\DEBUG\DEMO2AMAIN.OBJ
C:\USERS\DOMINIC\GIT\C---STUFF-MASTER\G52CPP CW2013\DEBUG\BOUNCINGBALLMAIN.OBJ
C:\USERS\DOMINIC\GIT\C---STUFF-MASTER\G52CPP CW2013\DEBUG\BOUNCINGBALL.OBJ
C:\USERS\DOMINIC\GIT\C---STUFF-MASTER\G52CPP CW2013\DEBUG\TILEMANAGER.OBJ
C:\USERS\DOMINIC\GIT\C---STUFF-MASTER\G52CPP CW2013\DEBUG\MYPROJECTMAIN.OBJ
C:\USERS\DOMINIC\GIT\C---STUFF-MASTER\G52CPP CW2013\DEBUG\MISSILE.OBJ
C:\USERS\DOMINIC\GIT\C---STUFF-MASTER\G52CPP CW2013\DEBUG\JPGIMAGE.OBJ
C:\USERS\DOMINIC\GIT\C---STUFF-MASTER\G52CPP CW2013\DEBUG\FONTMANAGER.OBJ
C:\USERS\DOMINIC\GIT\C---STUFF-MASTER\G52CPP CW2013\DEBUG\DISPLAYABLEOBJECT.OBJ
C:\USERS\DOMINIC\GIT\C---STUFF-MASTER\G52CPP CW2013\DEBUG\BASEENGINE.OBJ
C:\USERS\DOMINIC\GIT\C---STUFF-MASTER\G52CPP CW2013\DEBUG\MAINFUNCTION.OBJ
C:\USERS\DOMINIC\GIT\C---STUFF-MASTER\G52CPP CW2013\DEBUG\FIIRINGMISSILE.OBJ
C:\USERS\DOMINIC\GIT\C---STUFF-MASTER\G52CPP CW2013\DEBUG\DEMOAMAIN.OBJ
C:\USERS\DOMINIC\GIT\C---STUFF-MASTER\G52CPP CW2013\DEBUG\BASE.OBJ
C:\USERS\DOMINIC\GIT\C---STUFF-MASTER\G52CPP CW2013\DEBUG\DEMO3TILEMANAGER.SBR
C:\USERS\DOMINIC\GIT\C---STUFF-MASTER\G52CPP CW2013\DEBUG\DEMO4MAIN.SBR
C:\USERS\DOMINIC\GIT\C---STUFF-MASTER\G52CPP CW2013\DEBUG\DEMO4OBJECT.SBR
C:\USERS\DOMINIC\GIT\C---STUFF-MASTER\G52CPP CW2013\DEBUG\DEMO4TILEMANAGER.SBR
C:\USERS\DOMINIC\GIT\C---STUFF-MASTER\G52CPP CW2013\DEBUG\DEMO4TILEMANAGER.OBJ
C:\USERS\DOMINIC\GIT\C---STUFF-MASTER\G52CPP CW2013\DEBUG\DEMO4OBJECT.OBJ
C:\USERS\DOMINIC\GIT\C---STUFF-MASTER\G52CPP CW2013\DEBUG\DEMO4MAIN.OBJ
C:\USERS\DOMINIC\GIT\C---STUFF-MASTER\G52CPP CW2013\DEBUG\DEMO3TILEMANAGER.OBJ
C:\USERS\DOMINIC\GIT\C---STUFF-MASTER\G52CPP CW2013\DEBUG\VC110.PDB
C:\USERS\DOMINIC\GIT\C---STUFF-MASTER\G52CPP CW2013\DEBUG\COURSEWORKBASE.ILK
C:\USERS\DOMINIC\GIT\C---STUFF-MASTER\G52CPP CW2013\DEBUG\COURSEWORKBASE.EXE
C:\USERS\DOMINIC\GIT\C---STUFF-MASTER\G52CPP CW2013\SRC\MAP
C:\USERS\DOMINIC\GIT\C---STUFF-MASTER\G52CPP CW2013\DEBUG\COURSEWORKBASE.PDB
C:\Users\Dominic\git\C---stuff-master\G52CPP CW2013\Debug\Base.obj
C:\Users\Dominic\git\C---stuff-master\G52CPP CW2013\Debug\BaseEngine.obj
C:\Users\Dominic\git\C---stuff-master\G52CPP CW2013\Debug\BouncingBall.obj
C:\Users\Dominic\git\C---stuff-master\G52CPP CW2013\Debug\BouncingBallMain.obj
C:\Users\Dominic\git\C---stuff-master\G52CPP CW2013\Debug\Demo2aMain.obj
C:\Users\Dominic\git\C---stuff-master\G52CPP CW2013\Debug\Demo2Main.obj
C:\Users\Dominic\git\C---stuff-master\G52CPP CW2013\Debug\Demo2Object.obj
C:\Users\Dominic\git\C---stuff-master\G52CPP CW2013\Debug\Demo2TileManager.obj
C:\Users\Dominic\git\C---stuff-master\G52CPP CW2013\Debug\Demo3Main.obj
C:\Users\Dominic\git\C---stuff-master\G52CPP CW2013\Debug\Demo3Object.obj
C:\Users\Dominic\git\C---stuff-master\G52CPP CW2013\Debug\Demo3ObjectFinished.obj
C:\Users\Dominic\git\C---stuff-master\G52CPP CW2013\Debug\Demo3TileManager.obj
C:\Users\Dominic\git\C---stuff-master\G52CPP CW2013\Debug\Demo4Main.obj
C:\Users\Dominic\git\C---stuff-master\G52CPP CW2013\Debug\Demo4Object.obj
C:\Users\Dominic\git\C---stuff-master\G52CPP CW2013\Debug\Demo4TileManager.obj
C:\Users\Dominic\git\C---stuff-master\G52CPP CW2013\Debug\DemoAMain.obj
C:\Users\Dominic\git\C---stuff-master\G52CPP CW2013\Debug\DisplayableObject.obj
C:\Users\Dominic\git\C---stuff-master\G52CPP CW2013\Debug\FiiringMissile.obj
C:\Users\Dominic\git\C---stuff-master\G52CPP CW2013\Debug\FontManager.obj
C:\Users\Dominic\git\C---stuff-master\G52CPP CW2013\Debug\JPGImage.obj
C:\Users\Dominic\git\C---stuff-master\G52CPP CW2013\Debug\mainfunction.obj
C:\Users\Dominic\git\C---stuff-master\G52CPP CW2013\Debug\Missile.obj
C:\Users\Dominic\git\C---stuff-master\G52CPP CW2013\Debug\MyProjectMain.obj
C:\Users\Dominic\git\C---stuff-master\G52CPP CW2013\Debug\TileManager.obj
C:\Users\Dominic\git\C---stuff-master\G52CPP CW2013\Debug\CourseworkBase.ilk
C:\Users\Dominic\git\C---stuff-master\G52CPP CW2013\Debug\BscMake.command.1.tlog
C:\Users\Dominic\git\C---stuff-master\G52CPP CW2013\Debug\bscmake.read.1.tlog
C:\Users\Dominic\git\C---stuff-master\G52CPP CW2013\Debug\bscmake.write.1.tlog
C:\Users\Dominic\git\C---stuff-master\G52CPP CW2013\Debug\cl.command.1.tlog
C:\Users\Dominic\git\C---stuff-master\G52CPP CW2013\Debug\CL.read.1.tlog
C:\Users\Dominic\git\C---stuff-master\G52CPP CW2013\Debug\CL.write.1.tlog
C:\Users\Dominic\git\C---stuff-master\G52CPP CW2013\Debug\link-cvtres.read.1.tlog
C:\Users\Dominic\git\C---stuff-master\G52CPP CW2013\Debug\link-cvtres.write.1.tlog
C:\Users\Dominic\git\C---stuff-master\G52CPP CW2013\Debug\link-rc.read.1.tlog
C:\Users\Dominic\git\C---stuff-master\G52CPP CW2013\Debug\link-rc.write.1.tlog
C:\Users\Dominic\git\C---stuff-master\G52CPP CW2013\Debug\link.18488-cvtres.read.1.tlog
C:\Users\Dominic\git\C---stuff-master\G52CPP CW2013\Debug\link.18488-cvtres.write.1.tlog
C:\Users\Dominic\git\C---stuff-master\G52CPP CW2013\Debug\link.18488-rc.read.1.tlog
C:\Users\Dominic\git\C---stuff-master\G52CPP CW2013\Debug\link.18488-rc.write.1.tlog
C:\Users\Dominic\git\C---stuff-master\G52CPP CW2013\Debug\link.18488.read.1.tlog
C:\Users\Dominic\git\C---stuff-master\G52CPP CW2013\Debug\link.18488.write.1.tlog
C:\Users\Dominic\git\C---stuff-master\G52CPP CW2013\Debug\link.19252-cvtres.read.1.tlog
C:\Users\Dominic\git\C---stuff-master\G52CPP CW2013\Debug\link.19252-cvtres.write.1.tlog
C:\Users\Dominic\git\C---stuff-master\G52CPP CW2013\Debug\link.19252-rc.read.1.tlog
C:\Users\Dominic\git\C---stuff-master\G52CPP CW2013\Debug\link.19252-rc.write.1.tlog
C:\Users\Dominic\git\C---stuff-master\G52CPP CW2013\Debug\link.19252.read.1.tlog
C:\Users\Dominic\git\C---stuff-master\G52CPP CW2013\Debug\link.19252.write.1.tlog
C:\Users\Dominic\git\C---stuff-master\G52CPP CW2013\Debug\link.command.1.tlog
C:\Users\Dominic\git\C---stuff-master\G52CPP CW2013\Debug\link.read.1.tlog
C:\Users\Dominic\git\C---stuff-master\G52CPP CW2013\Debug\link.write.1.tlog
C:\Users\Dominic\git\C---stuff-master\G52CPP CW2013\Debug\vc110.idb
C:\Users\Dominic\git\C---stuff-master\G52CPP CW2013\Debug\CourseworkBase.pdb
C:\Users\Dominic\git\C---stuff-master\G52CPP CW2013\Debug\vc110.pdb
C:\Users\Dominic\git\C---stuff-master\G52CPP CW2013\Debug\CourseworkBase.bsc
C:\Users\Dominic\git\C---stuff-master\G52CPP CW2013\Debug\Base.sbr
C:\Users\Dominic\git\C---stuff-master\G52CPP CW2013\Debug\BaseEngine.sbr
C:\Users\Dominic\git\C---stuff-master\G52CPP CW2013\Debug\BouncingBall.sbr
C:\Users\Dominic\git\C---stuff-master\G52CPP CW2013\Debug\BouncingBallMain.sbr
C:\Users\Dominic\git\C---stuff-master\G52CPP CW2013\Debug\Demo2aMain.sbr
C:\Users\Dominic\git\C---stuff-master\G52CPP CW2013\Debug\Demo2Main.sbr
C:\Users\Dominic\git\C---stuff-master\G52CPP CW2013\Debug\Demo2Object.sbr
C:\Users\Dominic\git\C---stuff-master\G52CPP CW2013\Debug\Demo2TileManager.sbr
C:\Users\Dominic\git\C---stuff-master\G52CPP CW2013\Debug\Demo3Main.sbr
C:\Users\Dominic\git\C---stuff-master\G52CPP CW2013\Debug\Demo3Object.sbr
C:\Users\Dominic\git\C---stuff-master\G52CPP CW2013\Debug\Demo3ObjectFinished.sbr
C:\Users\Dominic\git\C---stuff-master\G52CPP CW2013\Debug\Demo3TileManager.sbr
C:\Users\Dominic\git\C---stuff-master\G52CPP CW2013\Debug\Demo4Main.sbr
C:\Users\Dominic\git\C---stuff-master\G52CPP CW2013\Debug\Demo4Object.sbr
C:\Users\Dominic\git\C---stuff-master\G52CPP CW2013\Debug\Demo4TileManager.sbr
C:\Users\Dominic\git\C---stuff-master\G52CPP CW2013\Debug\DemoAMain.sbr
C:\Users\Dominic\git\C---stuff-master\G52CPP CW2013\Debug\DisplayableObject.sbr
C:\Users\Dominic\git\C---stuff-master\G52CPP CW2013\Debug\FiiringMissile.sbr
C:\Users\Dominic\git\C---stuff-master\G52CPP CW2013\Debug\FontManager.sbr
C:\Users\Dominic\git\C---stuff-master\G52CPP CW2013\Debug\JPGImage.sbr
C:\Users\Dominic\git\C---stuff-master\G52CPP CW2013\Debug\mainfunction.sbr
C:\Users\Dominic\git\C---stuff-master\G52CPP CW2013\Debug\Missile.sbr
C:\Users\Dominic\git\C---stuff-master\G52CPP CW2013\Debug\MyProjectMain.sbr
C:\Users\Dominic\git\C---stuff-master\G52CPP CW2013\Debug\TileManager.sbr
C:\Users\Dominic\git\C---stuff-master\G52CPP CW2013\/Debug\CourseworkBase.pdb
C:\Users\Dominic\git\C---stuff-master\G52CPP CW2013\/Debug\CourseworkBase.exe
C:\Users\Dominic\git\C---stuff-master\G52CPP CW2013\/Debug\CourseworkBase.bsc
C:\Users\Dominic\git\C---stuff-master\G52CPP CW2013\/Debug\CourseworkBase.ilk
